PDF_List: view called
PDF_Send: view called
PDF_Preview: view called
PDF_Delete: view called
PDF_List: view called
PDF_Send: view called
PDF_Preview: view called
PDF_Delete: view called
PDF_List: view called
PDF_Send: view called
PDF_Preview: view called
PDF_Delete: view called
home_view: view called
PDF_List: get_queryset successful
PDF_Preview: get_queryset successful
PDF_Preview: get_queryset successful
PDF_List: get_queryset successful
PDF_Preview: get_queryset successful
PDF_List: get_queryset successful
PDF_Delete: get_object successful
PDF_List: get_queryset successful
PDF_Send: form_valid is successful. Form is not empty
PDF_Send: form_valid is successful. File is a .pdf file
PDF_Send: File size calculated
PDF_Send: Page count calculated
PDF_Send: .pdf file converted to pages
PDF_Send: page converted
PDF_Send: page converted
PDF_Send: .pdf file converted
PDF_List: get_queryset successful
PDF_Preview: get_queryset successful
PDF_Send: form_valid is successful. Form is not empty
PDF_Send: form_valid is successful. File is a .pdf file
PDF_Send: File size calculated
PDF_Send: Page count calculated
PDF_List: view called
PDF_Send: view called
PDF_Preview: view called
PDF_Delete: view called
PDF_List: view called
PDF_Send: view called
PDF_Preview: view called
PDF_Delete: view called
PDF_List: view called
PDF_Send: view called
PDF_Preview: view called
PDF_Delete: view called
PDF_List: view called
PDF_Send: view called
PDF_Preview: view called
PDF_Delete: view called
PDF_List: view called
PDF_Send: view called
PDF_Preview: view called
PDF_Delete: view called
PDF_List: view called
PDF_Send: view called
PDF_Preview: view called
PDF_Delete: view called
PDF_List: view called
PDF_Send: view called
PDF_Preview: view called
PDF_Delete: view called
PDF_List: view called
PDF_Send: view called
PDF_Preview: view called
PDF_Delete: view called
PDF_List: view called
PDF_Send: view called
PDF_Preview: view called
PDF_Delete: view called
PDF_List: view called
PDF_Send: view called
PDF_Preview: view called
PDF_Delete: view called
PDF_List: view called
PDF_Send: view called
PDF_Preview: view called
PDF_Delete: view called
PDF_List: get_queryset successful
PDF_Preview: get_queryset successful.
PDF_Preview: get_queryset successful.
PDF_Preview: get_queryset successful.
PDF_Preview: get_queryset successful.
PDF_List: get_queryset successful
PDF_Delete: get_object successful, document deleted
PDF_List: get_queryset successful
PDF_Preview: get_queryset successful.
PDF_Send: form_valid is successful. Form is not empty
PDF_Send: form_valid is successful. File is a .pdf file
PDF_Send: File size calculated
PDF_Send: Page count calculated
PDF_Send: .pdf file converted to pages
PDF_Send: page converted
PDF_Send: .pdf file converted
PDF_List: get_queryset successful
PDF_Preview: get_queryset successful.
PDF_Send: form_valid is successful. Form is not empty
PDF_Send: form_valid is successful. File is a .pdf file
PDF_Send: File size calculated
PDF_Send: Page count calculated
PDF_Send: .pdf file converted to pages
PDF_Send: page converted
PDF_Send: .pdf file converted
PDF_List: get_queryset successful
PDF_Preview: get_queryset successful.
PDF_Delete: get_object successful, document deleted
PDF_List: get_queryset successful
PDF_Preview: get_queryset successful.
PDF_Preview: get_queryset successful.
PDF_Preview: get_queryset successful.
PDF_Preview: get_queryset successful.
PDF_List: view called
PDF_Send: view called
PDF_Preview: view called
PDF_Delete: view called
PDF_Preview: get_queryset successful.
PDF_Preview: get_queryset successful.
PDF_Preview: get_queryset successful.
PDF_List: get_queryset successful
PDF_List: get_queryset successful
PDF_List: get_queryset successful
PDF_Preview: get_queryset successful.
PDF_List: get_queryset successful
PDF_List: get_queryset successful
PDF_List: view called
PDF_Send: view called
PDF_Preview: view called
PDF_Delete: view called
PDF_List: view called
PDF_Send: view called
PDF_Preview: view called
PDF_Delete: view called
home_view: view called
PDF_Send: form_valid is successful. Form is not empty
PDF_Send: form_valid is successful. File is a .pdf file
PDF_Send: File size calculated
PDF_Send: Page count calculated
PDF_Send: .pdf file converted to pages
PDF_Send: page converted
PDF_Send: page converted
PDF_Send: page converted
PDF_Send: .pdf file converted
PDF_List: get_queryset successful
PDF_Preview: get_queryset successful.
PDF_List: view called
PDF_Send: view called
PDF_Preview: view called
PDF_Delete: view called
home_view: view called
PDF_List: get_queryset successful
PDF_Preview: get_queryset successful.
PDF_List: view called
PDF_Send: view called
PDF_Preview: view called
PDF_Delete: view called
PDF_Preview: get_queryset successful.
PDF_Preview: get_queryset successful.
PDF_Preview: get_queryset successful.
PDF_Preview: get_queryset successful.
PDF_Preview: get_queryset successful.
PDF_Preview: get_queryset successful.
PDF_List: get_queryset successful
PDF_List: view called
PDF_List: view called
PDF_Send: view called
PDF_Preview: view called
PDF_Delete: view called
home_view: view called
PDF_List: get_queryset successful
PDF_Preview: get_queryset successful.
PDF_List: get_queryset successful
PDF_Preview: get_queryset successful.
PDF_List: get_queryset successful
PDF_Preview: get_queryset successful.
PDF_List: get_queryset successful
PDF_Preview: get_queryset successful.
PDF_List: get_queryset successful
PDF_Send: form_valid is successful. Form is not empty
PDF_Send: sent file is not a .pdf file
PDF_List: view called
PDF_Send: view called
PDF_Preview: view called
PDF_Delete: view called
PDF_Send: form_valid is successful. Form is not empty
PDF_Send: sent file is not a .pdf file
PDF_List: view called
PDF_Send: view called
PDF_Preview: view called
PDF_Delete: view called
PDF_Send: form_valid is successful. Form is not empty
PDF_Send: sent file is not a .pdf file
PDF_List: view called
PDF_Send: view called
PDF_Preview: view called
PDF_Delete: view called
PDF_Send: form_valid is successful. Form is not empty
PDF_Send: sent file is not a .pdf file
PDF_List: view called
PDF_Send: view called
PDF_Preview: view called
PDF_Delete: view called
PDF_List: view called
PDF_Send: view called
PDF_Preview: view called
PDF_Delete: view called
PDF_List: view called
PDF_Send: view called
PDF_Preview: view called
PDF_Delete: view called
PDF_List: view called
PDF_Send: view called
PDF_Preview: view called
PDF_Delete: view called
PDF_List: view called
PDF_Send: view called
PDF_Preview: view called
PDF_Delete: view called
PDF_Send: form_valid is successful. Form is not empty
PDF_Send: sent file is not a .pdf file
PDF_List: view called
PDF_Send: view called
PDF_Preview: view called
PDF_Delete: view called
PDF_Send: form_valid is successful. Form is not empty
PDF_Send: sent file is not a .pdf file
error_view: view called
PDF_Send: form_valid is successful. Form is not empty
PDF_Send: sent file is not a .pdf file
error_view: view called
PDF_Send: form_valid is successful. Form is not empty
PDF_Send: sent file is not a .pdf file
error_view: view called
PDF_Send: form_valid is successful. Form is not empty
PDF_Send: sent file is not a .pdf file
error_view: view called
PDF_Send: form_valid is successful. Form is not empty
PDF_Send: sent file is not a .pdf file
error_view: view called
PDF_List: view called
PDF_Send: view called
PDF_Preview: view called
PDF_Delete: view called
PDF_List: view called
PDF_Send: view called
PDF_Preview: view called
PDF_Delete: view called
PDF_List: view called
PDF_Send: view called
PDF_Preview: view called
PDF_Delete: view called
PDF_List: view called
PDF_Send: view called
PDF_Preview: view called
PDF_Delete: view called
PDF_Send: form_valid is successful. Form is not empty
PDF_Send: file not sent
error_view_form_empty: view called
error_view_form_empty: view called
PDF_List: view called
PDF_Send: view called
PDF_Preview: view called
PDF_Delete: view called
PDF_Send: form_valid is successful. Form is not empty
PDF_Send: file not sent
error_view_form_empty: view called
PDF_List: view called
PDF_Send: view called
PDF_Preview: view called
PDF_Delete: view called
PDF_Send: form_valid is successful. Form is not empty
PDF_Send: file not sent
error_view: view called
PDF_Send: form_valid is successful. Form is not empty
PDF_Send: sent file is not a .pdf file
error_view: view called
PDF_Send: form_valid is successful. Form is not empty
PDF_Send: form_valid is successful. File is a .pdf file
PDF_Send: File size calculated
PDF_Send: Page count calculated
PDF_List: view called
PDF_Send: view called
PDF_Preview: view called
PDF_Delete: view called
PDF_List: view called
PDF_Send: view called
PDF_Preview: view called
PDF_Delete: view called
home_view: view called
PDF_List: get_queryset successful
PDF_Preview: get_queryset successful.
PDF_List: get_queryset successful
PDF_Delete: get_object successful, document deleted
PDF_List: get_queryset successful
PDF_Send: form_valid is successful. Form is not empty
PDF_Send: form_valid is successful. File is a .pdf file
PDF_Send: File size calculated
PDF_Send: Page count calculated
PDF_Send: .pdf file converted to pages
PDF_Send: page converted
PDF_Send: .pdf file converted
PDF_List: get_queryset successful
PDF_Preview: get_queryset successful.
PDF_List: view called
PDF_Send: view called
PDF_Preview: view called
PDF_Delete: view called
PDF_Send: form_valid is successful. Form is not empty
PDF_Send: form_valid is successful. File is a .pdf file
PDF_Send: File size calculated
PDF_Send: Page count calculated
PDF_Send: .pdf file converted to pages
PDF_Send: page converted
PDF_Send: .pdf file converted
PDF_List: get_queryset successful
PDF_Preview: get_queryset successful.
PDF_List: get_queryset successful
PDF_Delete: get_object successful, document deleted
PDF_List: get_queryset successful
home_view: view called
PDF_List: view called
PDF_Send: view called
PDF_Preview: view called
PDF_Delete: view called
PDF_List: view called
PDF_Send: view called
PDF_Preview: view called
PDF_Delete: view called
PDF_List: view called
PDF_Send: view called
PDF_Preview: view called
PDF_Delete: view called
PDF_List: view called
PDF_Send: view called
PDF_Preview: view called
PDF_Delete: view called
home_view: view called
PDF_List: get_queryset successful
PDF_Preview: get_queryset successful.
home_view: view called
PDF_List: get_queryset successful
PDF_Preview: get_queryset successful.
PDF_List: view called
PDF_Send: view called
PDF_Preview: view called
PDF_Delete: view called
PDF_List: view called
PDF_Send: view called
PDF_Preview: view called
PDF_Delete: view called
PDF_List: view called
PDF_Send: view called
PDF_Preview: view called
PDF_Delete: view called
home_view: view called
PDF_List: view called
PDF_Send: view called
PDF_Preview: view called
PDF_Delete: view called
PDF_Send: form_valid is successful. Form is not empty
PDF_Send: form_valid is successful. Form includes file
PDF_Send: form_valid is successful. File is a .pdf file
PDF_Send: File size calculated
PDF_Send: Page count calculated
PDF_Send: .pdf file converted to pages
PDF_Send: page converted
PDF_Send: page converted
PDF_Send: .pdf file converted
PDF_List: get_queryset successful
PDF_Preview: get_queryset successful.
PDF_Preview: get_queryset successful.
PDF_List: view called
PDF_Send: view called
PDF_Preview: view called
PDF_Delete: view called
